<?xml version="1.0" encoding="UTF-8"?>
<!-- Generated by org.testng.reporters.JUnitReportReporter -->
<testsuite hostname="DESKTOP-11SJ4LJ" failures="0" tests="5" name="testcases.TC001_SuccessfulLoginTest" time="27.721" errors="0" timestamp="2023-12-10T01:46:43 GMT" skipped="0">
  <testcase classname="testcases.TC001_SuccessfulLoginTest" name="loginWorkingCredentials" time="9.248"/>
  <system-out/>
  <testcase classname="testcases.TC001_SuccessfulLoginTest" name="loginWorkingCredentials" time="4.405"/>
  <system-out/>
  <testcase classname="testcases.TC001_SuccessfulLoginTest" name="loginWorkingCredentials" time="4.202"/>
  <system-out/>
  <testcase classname="testcases.TC001_SuccessfulLoginTest" name="loginWorkingCredentials" time="3.947"/>
  <system-out/>
  <testcase classname="testcases.TC001_SuccessfulLoginTest" name="loginWorkingCredentials" time="5.919"/>
  <system-out/>
</testsuite> <!-- testcases.TC001_SuccessfulLoginTest -->
