<?xml version="1.0" encoding="UTF-8"?>
<!-- Generated by org.testng.reporters.JUnitReportReporter -->
<testsuite hostname="DESKTOP-11SJ4LJ" failures="0" tests="1" name="testcases.Scenario1_LoginTestWithInvalidCredentials" time="4.065" errors="0" timestamp="2023-12-11T22:15:32 GMT" skipped="0">
  <testcase classname="testcases.Scenario1_LoginTestWithInvalidCredentials" name="loginNonWorkingCredentials" time="4.065"/>
  <system-out/>
</testsuite> <!-- testcases.Scenario1_LoginTestWithInvalidCredentials -->
