<?xml version="1.0" encoding="UTF-8"?>
<!-- Generated by org.testng.reporters.JUnitReportReporter -->
<testsuite hostname="DESKTOP-11SJ4LJ" failures="0" tests="5" name="testcases.Scenario1_SuccessfulLoginTest" time="27.257" errors="0" timestamp="2023-12-11T22:15:32 GMT" skipped="0">
  <testcase classname="testcases.Scenario1_SuccessfulLoginTest" name="loginWorkingCredentials" time="4.001"/>
  <system-out/>
  <testcase classname="testcases.Scenario1_SuccessfulLoginTest" name="loginWorkingCredentials" time="4.036"/>
  <system-out/>
  <testcase classname="testcases.Scenario1_SuccessfulLoginTest" name="loginWorkingCredentials" time="9.011"/>
  <system-out/>
  <testcase classname="testcases.Scenario1_SuccessfulLoginTest" name="loginWorkingCredentials" time="6.155"/>
  <system-out/>
  <testcase classname="testcases.Scenario1_SuccessfulLoginTest" name="loginWorkingCredentials" time="4.054"/>
  <system-out/>
</testsuite> <!-- testcases.Scenario1_SuccessfulLoginTest -->
