<?xml version="1.0" encoding="UTF-8"?>
<!-- Generated by org.testng.reporters.JUnitReportReporter -->
<testsuite hostname="DESKTOP-11SJ4LJ" failures="0" tests="1" name="testcases.Scenario3_TestAddItemsToBasket" time="4.518" errors="0" timestamp="2023-12-11T22:15:32 GMT" skipped="0">
  <testcase classname="testcases.Scenario3_TestAddItemsToBasket" name="addItemsToBasket" time="4.518"/>
  <system-out/>
</testsuite> <!-- testcases.Scenario3_TestAddItemsToBasket -->
