<?xml version="1.0" encoding="UTF-8"?>
<!-- Generated by org.testng.reporters.JUnitReportReporter -->
<testsuite hostname="DESKTOP-11SJ4LJ" failures="0" tests="5" name="testcases.TC001_LoginTest" time="28.162" errors="0" timestamp="2023-12-10T01:17:37 GMT" skipped="0">
  <testcase classname="testcases.TC001_LoginTest" name="loginWorkingCredentials" time="3.970"/>
  <system-out/>
  <testcase classname="testcases.TC001_LoginTest" name="loginWorkingCredentials" time="9.233"/>
  <system-out/>
  <testcase classname="testcases.TC001_LoginTest" name="loginWorkingCredentials" time="5.612"/>
  <system-out/>
  <testcase classname="testcases.TC001_LoginTest" name="loginWorkingCredentials" time="5.139"/>
  <system-out/>
  <testcase classname="testcases.TC001_LoginTest" name="loginWorkingCredentials" time="4.208"/>
  <system-out/>
</testsuite> <!-- testcases.TC001_LoginTest -->
