<?xml version="1.0" encoding="UTF-8"?>
<!-- Generated by org.testng.reporters.JUnitReportReporter -->
<testsuite hostname="DESKTOP-11SJ4LJ" failures="0" tests="1" name="testcases.TC002_LoginTestWithInvalidCredentials" time="4.192" errors="0" timestamp="2023-12-10T01:46:43 GMT" skipped="0">
  <testcase classname="testcases.TC002_LoginTestWithInvalidCredentials" name="loginNonWorkingCredentials" time="4.192"/>
  <system-out/>
</testsuite> <!-- testcases.TC002_LoginTestWithInvalidCredentials -->
