<?xml version="1.0" encoding="UTF-8"?>
<!-- Generated by org.testng.reporters.JUnitReportReporter -->
<testsuite hostname="DESKTOP-11SJ4LJ" failures="0" tests="1" name="testcases.Scenario2_TestNoOfItemsAndSort" time="4.751" errors="0" timestamp="2023-12-11T22:15:32 GMT" skipped="0">
  <testcase classname="testcases.Scenario2_TestNoOfItemsAndSort" name="itemsCountAndSorting" time="4.751"/>
  <system-out/>
</testsuite> <!-- testcases.Scenario2_TestNoOfItemsAndSort -->
